{"C:\\Users\\jesus\\OneDrive\\Escritorio\\fullstack1\\src\\router.ts": {"path":"C:\\Users\\jesus\\OneDrive\\Escritorio\\fullstack1\\src\\router.ts","statementMap":{"0":{"start":{"line":1,"column":0},"end":{"line":1,"column":33}},"1":{"start":{"line":2,"column":0},"end":{"line":2,"column":66}},"2":{"start":{"line":4,"column":0},"end":{"line":4,"column":null}},"3":{"start":{"line":12,"column":0},"end":{"line":12,"column":48}},"4":{"start":{"line":14,"column":15},"end":{"line":14,"column":23}},"5":{"start":{"line":15,"column":0},"end":{"line":15,"column":29}},"6":{"start":{"line":16,"column":0},"end":{"line":22,"column":2}},"7":{"start":{"line":23,"column":0},"end":{"line":37,"column":2}},"8":{"start":{"line":33,"column":21},"end":{"line":33,"column":30}},"9":{"start":{"line":38,"column":0},"end":{"line":55,"column":2}},"10":{"start":{"line":50,"column":21},"end":{"line":50,"column":30}},"11":{"start":{"line":56,"column":0},"end":{"line":60,"column":24}},"12":{"start":{"line":61,"column":0},"end":{"line":66,"column":2}},"13":{"start":{"line":68,"column":0},"end":{"line":68,"column":22}}},"fnMap":{"0":{"name":"(anonymous_0)","decl":{"start":{"line":33,"column":10},"end":{"line":33,"column":11}},"loc":{"start":{"line":33,"column":21},"end":{"line":33,"column":30}}},"1":{"name":"(anonymous_1)","decl":{"start":{"line":50,"column":10},"end":{"line":50,"column":11}},"loc":{"start":{"line":50,"column":21},"end":{"line":50,"column":30}}}},"branchMap":{},"s":{"0":2,"1":2,"2":2,"3":2,"4":2,"5":2,"6":2,"7":2,"8":4,"9":2,"10":5,"11":2,"12":2,"13":2},"f":{"0":4,"1":5},"b":{}}
,"C:\\Users\\jesus\\OneDrive\\Escritorio\\fullstack1\\src\\server.ts": {"path":"C:\\Users\\jesus\\OneDrive\\Escritorio\\fullstack1\\src\\server.ts","statementMap":{"0":{"start":{"line":7,"column":0},"end":{"line":7,"column":7}},"1":{"start":{"line":1,"column":0},"end":{"line":1,"column":28}},"2":{"start":{"line":2,"column":0},"end":{"line":2,"column":30}},"3":{"start":{"line":3,"column":0},"end":{"line":3,"column":30}},"4":{"start":{"line":4,"column":0},"end":{"line":4,"column":29}},"5":{"start":{"line":8,"column":4},"end":{"line":15,"column":5}},"6":{"start":{"line":9,"column":8},"end":{"line":9,"column":null}},"7":{"start":{"line":10,"column":8},"end":{"line":10,"column":null}},"8":{"start":{"line":13,"column":8},"end":{"line":13,"column":null}},"9":{"start":{"line":14,"column":8},"end":{"line":14,"column":null}},"10":{"start":{"line":19,"column":0},"end":{"line":19,"column":null}},"11":{"start":{"line":21,"column":15},"end":{"line":21,"column":24}},"12":{"start":{"line":23,"column":0},"end":{"line":23,"column":null}},"13":{"start":{"line":26,"column":0},"end":{"line":26,"column":null}},"14":{"start":{"line":28,"column":0},"end":{"line":30,"column":null}},"15":{"start":{"line":29,"column":4},"end":{"line":29,"column":null}},"16":{"start":{"line":32,"column":0},"end":{"line":32,"column":null}}},"fnMap":{"0":{"name":"connectDB","decl":{"start":{"line":7,"column":22},"end":{"line":7,"column":31}},"loc":{"start":{"line":7,"column":31},"end":{"line":17,"column":1}}},"1":{"name":"(anonymous_2)","decl":{"start":{"line":28,"column":19},"end":{"line":28,"column":20}},"loc":{"start":{"line":28,"column":32},"end":{"line":30,"column":1}}}},"branchMap":{},"s":{"0":2,"1":2,"2":2,"3":2,"4":2,"5":3,"6":3,"7":2,"8":1,"9":1,"10":2,"11":2,"12":2,"13":2,"14":2,"15":1,"16":2},"f":{"0":3,"1":1},"b":{}}
,"C:\\Users\\jesus\\OneDrive\\Escritorio\\fullstack1\\src\\config\\db.ts": {"path":"C:\\Users\\jesus\\OneDrive\\Escritorio\\fullstack1\\src\\config\\db.ts","statementMap":{"0":{"start":{"line":1,"column":0},"end":{"line":1,"column":49}},"1":{"start":{"line":2,"column":0},"end":{"line":2,"column":28}},"2":{"start":{"line":3,"column":0},"end":{"line":3,"column":16}},"3":{"start":{"line":5,"column":11},"end":{"line":15,"column":null}},"4":{"start":{"line":19,"column":0},"end":{"line":19,"column":18}}},"fnMap":{},"branchMap":{},"s":{"0":2,"1":2,"2":2,"3":2,"4":2},"f":{},"b":{}}
,"C:\\Users\\jesus\\OneDrive\\Escritorio\\fullstack1\\src\\handlers\\product.ts": {"path":"C:\\Users\\jesus\\OneDrive\\Escritorio\\fullstack1\\src\\handlers\\product.ts","statementMap":{"0":{"start":{"line":2,"column":0},"end":{"line":2,"column":46}},"1":{"start":{"line":4,"column":27},"end":{"line":11,"column":1}},"2":{"start":{"line":5,"column":21},"end":{"line":9,"column":3}},"3":{"start":{"line":10,"column":1},"end":{"line":10,"column":30}},"4":{"start":{"line":4,"column":13},"end":{"line":4,"column":27}},"5":{"start":{"line":12,"column":30},"end":{"line":20,"column":1}},"6":{"start":{"line":13,"column":19},"end":{"line":13,"column":29}},"7":{"start":{"line":14,"column":24},"end":{"line":14,"column":50}},"8":{"start":{"line":15,"column":8},"end":{"line":18,"column":9}},"9":{"start":{"line":16,"column":12},"end":{"line":16,"column":70}},"10":{"start":{"line":17,"column":12},"end":{"line":17,"column":19}},"11":{"start":{"line":19,"column":8},"end":{"line":19,"column":36}},"12":{"start":{"line":12,"column":13},"end":{"line":12,"column":30}},"13":{"start":{"line":22,"column":29},"end":{"line":28,"column":1}},"14":{"start":{"line":26,"column":17},"end":{"line":26,"column":47}},"15":{"start":{"line":27,"column":2},"end":{"line":27,"column":42}},"16":{"start":{"line":22,"column":13},"end":{"line":22,"column":29}},"17":{"start":{"line":30,"column":29},"end":{"line":43,"column":1}},"18":{"start":{"line":34,"column":16},"end":{"line":34,"column":26}},"19":{"start":{"line":35,"column":18},"end":{"line":35,"column":44}},"20":{"start":{"line":36,"column":2},"end":{"line":39,"column":3}},"21":{"start":{"line":37,"column":3},"end":{"line":37,"column":61}},"22":{"start":{"line":38,"column":3},"end":{"line":38,"column":10}},"23":{"start":{"line":41,"column":2},"end":{"line":41,"column":33}},"24":{"start":{"line":42,"column":2},"end":{"line":42,"column":30}},"25":{"start":{"line":30,"column":13},"end":{"line":30,"column":29}},"26":{"start":{"line":46,"column":34},"end":{"line":60,"column":1}},"27":{"start":{"line":50,"column":16},"end":{"line":50,"column":26}},"28":{"start":{"line":51,"column":18},"end":{"line":51,"column":44}},"29":{"start":{"line":52,"column":2},"end":{"line":55,"column":3}},"30":{"start":{"line":53,"column":3},"end":{"line":53,"column":61}},"31":{"start":{"line":54,"column":3},"end":{"line":54,"column":10}},"32":{"start":{"line":57,"column":2},"end":{"line":57,"column":47}},"33":{"start":{"line":58,"column":8},"end":{"line":58,"column":29}},"34":{"start":{"line":59,"column":2},"end":{"line":59,"column":30}},"35":{"start":{"line":46,"column":13},"end":{"line":46,"column":34}},"36":{"start":{"line":62,"column":29},"end":{"line":75,"column":1}},"37":{"start":{"line":66,"column":16},"end":{"line":66,"column":26}},"38":{"start":{"line":67,"column":18},"end":{"line":67,"column":44}},"39":{"start":{"line":68,"column":2},"end":{"line":71,"column":3}},"40":{"start":{"line":69,"column":3},"end":{"line":69,"column":61}},"41":{"start":{"line":70,"column":3},"end":{"line":70,"column":10}},"42":{"start":{"line":73,"column":2},"end":{"line":73,"column":26}},"43":{"start":{"line":74,"column":2},"end":{"line":74,"column":43}},"44":{"start":{"line":62,"column":13},"end":{"line":62,"column":29}}},"fnMap":{"0":{"name":"(anonymous_1)","decl":{"start":{"line":4,"column":27},"end":{"line":4,"column":32}},"loc":{"start":{"line":4,"column":80},"end":{"line":11,"column":1}}},"1":{"name":"(anonymous_2)","decl":{"start":{"line":12,"column":30},"end":{"line":12,"column":35}},"loc":{"start":{"line":12,"column":83},"end":{"line":20,"column":1}}},"2":{"name":"(anonymous_3)","decl":{"start":{"line":22,"column":29},"end":{"line":22,"column":34}},"loc":{"start":{"line":25,"column":19},"end":{"line":28,"column":1}}},"3":{"name":"(anonymous_4)","decl":{"start":{"line":30,"column":29},"end":{"line":30,"column":34}},"loc":{"start":{"line":33,"column":19},"end":{"line":43,"column":1}}},"4":{"name":"(anonymous_5)","decl":{"start":{"line":46,"column":34},"end":{"line":46,"column":39}},"loc":{"start":{"line":49,"column":19},"end":{"line":60,"column":1}}},"5":{"name":"(anonymous_6)","decl":{"start":{"line":62,"column":29},"end":{"line":62,"column":34}},"loc":{"start":{"line":65,"column":19},"end":{"line":75,"column":1}}}},"branchMap":{"0":{"loc":{"start":{"line":15,"column":8},"end":{"line":18,"column":9}},"type":"if","locations":[{"start":{"line":15,"column":8},"end":{"line":18,"column":9}}]},"1":{"loc":{"start":{"line":36,"column":2},"end":{"line":39,"column":3}},"type":"if","locations":[{"start":{"line":36,"column":2},"end":{"line":39,"column":3}}]},"2":{"loc":{"start":{"line":52,"column":2},"end":{"line":55,"column":3}},"type":"if","locations":[{"start":{"line":52,"column":2},"end":{"line":55,"column":3}}]},"3":{"loc":{"start":{"line":68,"column":2},"end":{"line":71,"column":3}},"type":"if","locations":[{"start":{"line":68,"column":2},"end":{"line":71,"column":3}}]}},"s":{"0":2,"1":2,"2":2,"3":2,"4":2,"5":2,"6":2,"7":2,"8":2,"9":1,"10":1,"11":1,"12":2,"13":2,"14":1,"15":1,"16":2,"17":2,"18":2,"19":2,"20":2,"21":1,"22":1,"23":1,"24":1,"25":2,"26":2,"27":2,"28":2,"29":2,"30":1,"31":1,"32":1,"33":1,"34":1,"35":2,"36":2,"37":2,"38":2,"39":2,"40":1,"41":1,"42":1,"43":1,"44":2},"f":{"0":2,"1":2,"2":1,"3":2,"4":2,"5":2},"b":{"0":[1],"1":[1],"2":[1],"3":[1]}}
,"C:\\Users\\jesus\\OneDrive\\Escritorio\\fullstack1\\src\\middleware\\index.ts": {"path":"C:\\Users\\jesus\\OneDrive\\Escritorio\\fullstack1\\src\\middleware\\index.ts","statementMap":{"0":{"start":{"line":2,"column":0},"end":{"line":2,"column":52}},"1":{"start":{"line":4,"column":32},"end":{"line":11,"column":1}},"2":{"start":{"line":5,"column":19},"end":{"line":5,"column":40}},"3":{"start":{"line":6,"column":4},"end":{"line":9,"column":5}},"4":{"start":{"line":7,"column":8},"end":{"line":7,"column":null}},"5":{"start":{"line":8,"column":8},"end":{"line":8,"column":14}},"6":{"start":{"line":10,"column":4},"end":{"line":10,"column":null}},"7":{"start":{"line":4,"column":13},"end":{"line":4,"column":32}}},"fnMap":{"0":{"name":"(anonymous_0)","decl":{"start":{"line":4,"column":32},"end":{"line":4,"column":33}},"loc":{"start":{"line":4,"column":85},"end":{"line":11,"column":1}}}},"branchMap":{"0":{"loc":{"start":{"line":6,"column":4},"end":{"line":9,"column":5}},"type":"if","locations":[{"start":{"line":6,"column":4},"end":{"line":9,"column":5}}]}},"s":{"0":2,"1":2,"2":17,"3":17,"4":8,"5":8,"6":9,"7":2},"f":{"0":17},"b":{"0":[8]}}
,"C:\\Users\\jesus\\OneDrive\\Escritorio\\fullstack1\\src\\models\\Product.model.ts": {"path":"C:\\Users\\jesus\\OneDrive\\Escritorio\\fullstack1\\src\\models\\Product.model.ts","statementMap":{"0":{"start":{"line":1,"column":0},"end":{"line":1,"column":76}},"1":{"start":{"line":7,"column":0},"end":{"line":23,"column":null}},"2":{"start":{"line":11,"column":12},"end":{"line":11,"column":null}},"3":{"start":{"line":15,"column":12},"end":{"line":15,"column":null}},"4":{"start":{"line":20,"column":12},"end":{"line":20,"column":null}},"5":{"start":{"line":7,"column":6},"end":{"line":23,"column":null}},"6":{"start":{"line":25,"column":0},"end":{"line":25,"column":null}}},"fnMap":{},"branchMap":{},"s":{"0":3,"1":3,"2":3,"3":3,"4":3,"5":3,"6":3},"f":{},"b":{}}
}
