TN:
SF:src\router.ts
FN:33,(anonymous_0)
FN:50,(anonymous_1)
FNF:2
FNH:2
FNDA:4,(anonymous_0)
FNDA:5,(anonymous_1)
DA:1,2
DA:2,2
DA:4,2
DA:12,2
DA:14,2
DA:15,2
DA:16,2
DA:23,2
DA:33,4
DA:38,2
DA:50,5
DA:56,2
DA:61,2
DA:68,2
LF:14
LH:14
BRF:0
BRH:0
end_of_record
TN:
SF:src\server.ts
FN:7,connectDB
FN:28,(anonymous_2)
FNF:2
FNH:2
FNDA:3,connectDB
FNDA:1,(anonymous_2)
DA:1,2
DA:2,2
DA:3,2
DA:4,2
DA:7,2
DA:8,3
DA:9,3
DA:10,2
DA:13,1
DA:14,1
DA:19,2
DA:21,2
DA:23,2
DA:26,2
DA:28,2
DA:29,1
DA:32,2
LF:17
LH:17
BRF:0
BRH:0
end_of_record
TN:
SF:src\config\db.ts
FNF:0
FNH:0
DA:1,2
DA:2,2
DA:3,2
DA:5,2
DA:19,2
LF:5
LH:5
BRF:0
BRH:0
end_of_record
TN:
SF:src\handlers\product.ts
FN:4,(anonymous_1)
FN:12,(anonymous_2)
FN:22,(anonymous_3)
FN:30,(anonymous_4)
FN:46,(anonymous_5)
FN:62,(anonymous_6)
FNF:6
FNH:6
FNDA:2,(anonymous_1)
FNDA:2,(anonymous_2)
FNDA:1,(anonymous_3)
FNDA:2,(anonymous_4)
FNDA:2,(anonymous_5)
FNDA:2,(anonymous_6)
DA:2,2
DA:4,2
DA:5,2
DA:10,2
DA:12,2
DA:13,2
DA:14,2
DA:15,2
DA:16,1
DA:17,1
DA:19,1
DA:22,2
DA:26,1
DA:27,1
DA:30,2
DA:34,2
DA:35,2
DA:36,2
DA:37,1
DA:38,1
DA:41,1
DA:42,1
DA:46,2
DA:50,2
DA:51,2
DA:52,2
DA:53,1
DA:54,1
DA:57,1
DA:58,1
DA:59,1
DA:62,2
DA:66,2
DA:67,2
DA:68,2
DA:69,1
DA:70,1
DA:73,1
DA:74,1
LF:39
LH:39
BRDA:15,0,0,1
BRDA:36,1,0,1
BRDA:52,2,0,1
BRDA:68,3,0,1
BRF:4
BRH:4
end_of_record
TN:
SF:src\middleware\index.ts
FN:4,(anonymous_0)
FNF:1
FNH:1
FNDA:17,(anonymous_0)
DA:2,2
DA:4,2
DA:5,17
DA:6,17
DA:7,8
DA:8,8
DA:10,9
LF:7
LH:7
BRDA:6,0,0,8
BRF:1
BRH:1
end_of_record
TN:
SF:src\models\Product.model.ts
FNF:0
FNH:0
DA:1,3
DA:7,3
DA:11,3
DA:15,3
DA:20,3
DA:25,3
LF:6
LH:6
BRF:0
BRH:0
end_of_record
